\BOOKMARK [0][-]{init.0}{Front Page}{}% 1
\BOOKMARK [0][-]{contents.0}{Table of Contents}{}% 2
\BOOKMARK [0][-]{figures.0}{List of Figures}{}% 3
\BOOKMARK [0][-]{tables.0}{List of Tables}{}% 4
\BOOKMARK [0][-]{chapter.1}{1 Introduction}{}% 5
\BOOKMARK [1][-]{section.1.1}{1.1 Context}{chapter.1}% 6
\BOOKMARK [1][-]{section.1.2}{1.2 Motivation and Goals}{chapter.1}% 7
\BOOKMARK [1][-]{section.1.3}{1.3 Dissertation Outline}{chapter.1}% 8
\BOOKMARK [0][-]{chapter.2}{2 Related Work}{}% 9
\BOOKMARK [1][-]{section.2.1}{2.1 Anomaly Detection}{chapter.2}% 10
\BOOKMARK [2][-]{subsection.2.1.1}{2.1.1 Taxonomy}{section.2.1}% 11
\BOOKMARK [2][-]{subsection.2.1.2}{2.1.2 Approaches}{section.2.1}% 12
\BOOKMARK [1][-]{section.2.2}{2.2 Ensemble Learning}{chapter.2}% 13
\BOOKMARK [2][-]{subsection.2.2.1}{2.2.1 Approaches}{section.2.2}% 14
\BOOKMARK [2][-]{subsection.2.2.2}{2.2.2 Application to Anomaly Detection}{section.2.2}% 15
\BOOKMARK [0][-]{chapter.3}{3 Methodology}{}% 16
\BOOKMARK [1][-]{section.3.1}{3.1 Overview of the Proposed Methodology}{chapter.3}% 17
\BOOKMARK [0][-]{chapter.4}{4 Conclusions and Future Work}{}% 18
\BOOKMARK [1][-]{section.4.1}{4.1 Conclusions}{chapter.4}% 19
\BOOKMARK [1][-]{section.4.2}{4.2 Future Work}{chapter.4}% 20
\BOOKMARK [2][-]{subsection.4.2.1}{4.2.1 February 20 - February 24}{section.4.2}% 21
\BOOKMARK [2][-]{subsection.4.2.2}{4.2.2 February 27 - March 3}{section.4.2}% 22
\BOOKMARK [2][-]{subsection.4.2.3}{4.2.3 March 6 - March 10}{section.4.2}% 23
\BOOKMARK [2][-]{subsection.4.2.4}{4.2.4 March 13 - March 107}{section.4.2}% 24
\BOOKMARK [2][-]{subsection.4.2.5}{4.2.5 March 20 - March 24}{section.4.2}% 25
\BOOKMARK [2][-]{subsection.4.2.6}{4.2.6 March 27 - March 31}{section.4.2}% 26
\BOOKMARK [2][-]{subsection.4.2.7}{4.2.7 April 3 - April 7}{section.4.2}% 27
\BOOKMARK [2][-]{subsection.4.2.8}{4.2.8 April 10 - April 14}{section.4.2}% 28
\BOOKMARK [2][-]{subsection.4.2.9}{4.2.9 April 17 - April 21}{section.4.2}% 29
\BOOKMARK [2][-]{subsection.4.2.10}{4.2.10 April 24 - April 28}{section.4.2}% 30
\BOOKMARK [2][-]{subsection.4.2.11}{4.2.11 May 1 - May 5}{section.4.2}% 31
\BOOKMARK [2][-]{subsection.4.2.12}{4.2.12 May 8 - May 12}{section.4.2}% 32
\BOOKMARK [2][-]{subsection.4.2.13}{4.2.13 May 15 - June 23}{section.4.2}% 33
\BOOKMARK [0][-]{section*.23}{References}{}% 34
